# JRE version: Java(TM) SE Runtime Environment (8.0_144-b01) (build 1.8.0_144-b01)
# Java VM: Java HotSpot(TM) 64-Bit Server VM (25.144-b01 mixed mode windows-amd64 compressed oops)
Heap:
 PSYoungGen      total 339968K, used 181133K [0x00000000d5980000, 0x00000000eb480000, 0x0000000100000000)
  eden space 326656K, 52% used [0x00000000d5980000,0x00000000e000bae8,0x00000000e9880000)
  from space 13312K, 79% used [0x00000000ea600000,0x00000000eb057ba8,0x00000000eb300000)
  to   space 13824K, 0% used [0x00000000e9880000,0x00000000e9880000,0x00000000ea600000)
 ParOldGen       total 78336K, used 15566K [0x0000000080c00000, 0x0000000085880000, 0x00000000d5980000)
  object space 78336K, 19% used [0x0000000080c00000,0x0000000081b339e0,0x0000000085880000)
 Metaspace       used 55705K, capacity 57078K, committed 57304K, reserved 1097728K
  class space    used 7777K, capacity 8066K, committed 8152K, reserved 1048576K
GC Heap History (10 events):
Event: 21.120 GC heap before
{Heap before GC invocations=22 (full 2):
 PSYoungGen      total 287232K, used 285208K [0x00000000d5980000, 0x00000000eb300000, 0x0000000100000000)
  eden space 274944K, 100% used [0x00000000d5980000,0x00000000e6600000,0x00000000e6600000)
  from space 12288K, 83% used [0x00000000e6600000,0x00000000e7006030,0x00000000e7200000)
  to   space 13312K, 0% used [0x00000000ea600000,0x00000000ea600000,0x00000000eb300000)
 ParOldGen       total 78336K, used 12478K [0x0000000080c00000, 0x0000000085880000, 0x00000000d5980000)
  object space 78336K, 15% used [0x0000000080c00000,0x000000008182f990,0x0000000085880000)
 Metaspace       used 44993K, capacity 46242K, committed 46424K, reserved 1089536K
  class space    used 6169K, capacity 6436K, committed 6488K, reserved 1048576K
Event: 21.136 GC heap after
Heap after GC invocations=22 (full 2):
 PSYoungGen      total 339968K, used 9788K [0x00000000d5980000, 0x00000000eb480000, 0x0000000100000000)
  eden space 326656K, 0% used [0x00000000d5980000,0x00000000d5980000,0x00000000e9880000)
  from space 13312K, 73% used [0x00000000ea600000,0x00000000eaf8f3e0,0x00000000eb300000)
  to   space 13824K, 0% used [0x00000000e9880000,0x00000000e9880000,0x00000000ea600000)
 ParOldGen       total 78336K, used 12486K [0x0000000080c00000, 0x0000000085880000, 0x00000000d5980000)
  object space 78336K, 15% used [0x0000000080c00000,0x0000000081831990,0x0000000085880000)
 Metaspace       used 44993K, capacity 46242K, committed 46424K, reserved 1089536K
  class space    used 6169K, capacity 6436K, committed 6488K, reserved 1048576K
}
Event: 22.217 GC heap before
{Heap before GC invocations=23 (full 2):
 PSYoungGen      total 339968K, used 336444K [0x00000000d5980000, 0x00000000eb480000, 0x0000000100000000)
  eden space 326656K, 100% used [0x00000000d5980000,0x00000000e9880000,0x00000000e9880000)
  from space 13312K, 73% used [0x00000000ea600000,0x00000000eaf8f3e0,0x00000000eb300000)
  to   space 13824K, 0% used [0x00000000e9880000,0x00000000e9880000,0x00000000ea600000)
 ParOldGen       total 78336K, used 12486K [0x0000000080c00000, 0x0000000085880000, 0x00000000d5980000)
  object space 78336K, 15% used [0x0000000080c00000,0x0000000081831990,0x0000000085880000)
 Metaspace       used 45263K, capacity 46452K, committed 46680K, reserved 1089536K
  class space    used 6172K, capacity 6439K, committed 6488K, reserved 1048576K
Event: 22.249 GC heap after
Heap after GC invocations=23 (full 2):
 PSYoungGen      total 340480K, used 11375K [0x00000000d5980000, 0x00000000eb480000, 0x0000000100000000)
  eden space 326656K, 0% used [0x00000000d5980000,0x00000000d5980000,0x00000000e9880000)
  from space 13824K, 82% used [0x00000000e9880000,0x00000000ea39bfa0,0x00000000ea600000)
  to   space 13312K, 0% used [0x00000000ea600000,0x00000000ea600000,0x00000000eb300000)
 ParOldGen       total 78336K, used 12494K [0x0000000080c00000, 0x0000000085880000, 0x00000000d5980000)
  object space 78336K, 15% used [0x0000000080c00000,0x0000000081833990,0x0000000085880000)
 Metaspace       used 45263K, capacity 46452K, committed 46680K, reserved 1089536K
  class space    used 6172K, capacity 6439K, committed 6488K, reserved 1048576K
}
Event: 23.186 GC heap before
{Heap before GC invocations=24 (full 2):
 PSYoungGen      total 340480K, used 338031K [0x00000000d5980000, 0x00000000eb480000, 0x0000000100000000)
  eden space 326656K, 100% used [0x00000000d5980000,0x00000000e9880000,0x00000000e9880000)
  from space 13824K, 82% used [0x00000000e9880000,0x00000000ea39bfa0,0x00000000ea600000)
  to   space 13312K, 0% used [0x00000000ea600000,0x00000000ea600000,0x00000000eb300000)
 ParOldGen       total 78336K, used 12494K [0x0000000080c00000, 0x0000000085880000, 0x00000000d5980000)
  object space 78336K, 15% used [0x0000000080c00000,0x0000000081833990,0x0000000085880000)
 Metaspace       used 45374K, capacity 46660K, committed 46936K, reserved 1089536K
  class space    used 6185K, capacity 6463K, committed 6488K, reserved 1048576K
Event: 23.206 GC heap after
Heap after GC invocations=24 (full 2):
 PSYoungGen      total 339968K, used 10798K [0x00000000d5980000, 0x00000000eb480000, 0x0000000100000000)
  eden space 326656K, 0% used [0x00000000d5980000,0x00000000d5980000,0x00000000e9880000)
  from space 13312K, 81% used [0x00000000ea600000,0x00000000eb08ba68,0x00000000eb300000)
  to   space 13824K, 0% used [0x00000000e9880000,0x00000000e9880000,0x00000000ea600000)
 ParOldGen       total 78336K, used 13462K [0x0000000080c00000, 0x0000000085880000, 0x00000000d5980000)
  object space 78336K, 17% used [0x0000000080c00000,0x00000000819259a0,0x0000000085880000)
 Metaspace       used 45374K, capacity 46660K, committed 46936K, reserved 1089536K
  class space    used 6185K, capacity 6463K, committed 6488K, reserved 1048576K
}
Event: 25.034 GC heap before
{Heap before GC invocations=25 (full 2):
 PSYoungGen      total 339968K, used 337454K [0x00000000d5980000, 0x00000000eb480000, 0x0000000100000000)
  eden space 326656K, 100% used [0x00000000d5980000,0x00000000e9880000,0x00000000e9880000)
  from space 13312K, 81% used [0x00000000ea600000,0x00000000eb08ba68,0x00000000eb300000)
  to   space 13824K, 0% used [0x00000000e9880000,0x00000000e9880000,0x00000000ea600000)
 ParOldGen       total 78336K, used 13462K [0x0000000080c00000, 0x0000000085880000, 0x00000000d5980000)
  object space 78336K, 17% used [0x0000000080c00000,0x00000000819259a0,0x0000000085880000)
 Metaspace       used 45705K, capacity 47074K, committed 47320K, reserved 1089536K
  class space    used 6228K, capacity 6516K, committed 6616K, reserved 1048576K
Event: 25.061 GC heap after
Heap after GC invocations=25 (full 2):
 PSYoungGen      total 340480K, used 12175K [0x00000000d5980000, 0x00000000eb480000, 0x0000000100000000)
  eden space 326656K, 0% used [0x00000000d5980000,0x00000000d5980000,0x00000000e9880000)
  from space 13824K, 88% used [0x00000000e9880000,0x00000000ea463ef0,0x00000000ea600000)
  to   space 13312K, 0% used [0x00000000ea600000,0x00000000ea600000,0x00000000eb300000)
 ParOldGen       total 78336K, used 14758K [0x0000000080c00000, 0x0000000085880000, 0x00000000d5980000)
  object space 78336K, 18% used [0x0000000080c00000,0x0000000081a699a0,0x0000000085880000)
 Metaspace       used 45705K, capacity 47074K, committed 47320K, reserved 1089536K
  class space    used 6228K, capacity 6516K, committed 6616K, reserved 1048576K
}
Event: 26.695 GC heap before
{Heap before GC invocations=26 (full 2):
 PSYoungGen      total 340480K, used 338831K [0x00000000d5980000, 0x00000000eb480000, 0x0000000100000000)
  eden space 326656K, 100% used [0x00000000d5980000,0x00000000e9880000,0x00000000e9880000)
  from space 13824K, 88% used [0x00000000e9880000,0x00000000ea463ef0,0x00000000ea600000)
  to   space 13312K, 0% used [0x00000000ea600000,0x00000000ea600000,0x00000000eb300000)
 ParOldGen       total 78336K, used 14758K [0x0000000080c00000, 0x0000000085880000, 0x00000000d5980000)
  object space 78336K, 18% used [0x0000000080c00000,0x0000000081a699a0,0x0000000085880000)
 Metaspace       used 45764K, capacity 47086K, committed 47320K, reserved 1089536K
  class space    used 6229K, capacity 6518K, committed 6616K, reserved 1048576K
Event: 26.715 GC heap after
Heap after GC invocations=26 (full 2):
 PSYoungGen      total 339968K, used 10590K [0x00000000d5980000, 0x00000000eb480000, 0x0000000100000000)
  eden space 326656K, 0% used [0x00000000d5980000,0x00000000d5980000,0x00000000e9880000)
  from space 13312K, 79% used [0x00000000ea600000,0x00000000eb057ba8,0x00000000eb300000)
  to   space 13824K, 0% used [0x00000000e9880000,0x00000000e9880000,0x00000000ea600000)
 ParOldGen       total 78336K, used 15566K [0x0000000080c00000, 0x0000000085880000, 0x00000000d5980000)
  object space 78336K, 19% used [0x0000000080c00000,0x0000000081b339e0,0x0000000085880000)
 Metaspace       used 45764K, capacity 47086K, committed 47320K, reserved 1089536K
  class space    used 6229K, capacity 6518K, committed 6616K, reserved 1048576K
}

